{"/Users/wisord/Documents/Platzi/Platzi-Master/CheaPlatzi/Frontend/src/components/Button.svelte": {"path":"/Users/wisord/Documents/Platzi/Platzi-Master/CheaPlatzi/Frontend/src/components/Button.svelte","statementMap":{"0":{"start":{"line":7,"column":9},"end":{"line":7,"column":null}},"1":{"start":{"line":2,"column":30},"end":{"line":2,"column":null}}},"fnMap":{},"branchMap":{"0":{"loc":{"start":{"line":7,"column":9},"end":{"line":7,"column":null}},"type":"if","locations":[{"start":{"line":7,"column":9},"end":{"line":7,"column":null}},{"start":{"line":7,"column":9},"end":{"line":7,"column":null}}]},"1":{"loc":{"start":{"line":2,"column":20},"end":{"line":2,"column":30}},"type":"default-arg","locations":[{"start":{"line":2,"column":20},"end":{"line":2,"column":30}}]}},"s":{"0":3,"1":3},"f":{},"b":{"0":[0,0],"1":[1]}}
,"/Users/wisord/Documents/Platzi/Platzi-Master/CheaPlatzi/Frontend/src/components/CategoryItem.svelte": {"path":"/Users/wisord/Documents/Platzi/Platzi-Master/CheaPlatzi/Frontend/src/components/CategoryItem.svelte","statementMap":{"0":{"start":{"line":8,"column":7},"end":{"line":8,"column":null}},"1":{"start":{"line":12,"column":7},"end":{"line":12,"column":null}},"2":{"start":{"line":16,"column":7},"end":{"line":16,"column":null}},"3":{"start":{"line":7,"column":29},"end":{"line":7,"column":null}},"4":{"start":{"line":2,"column":21},"end":{"line":2,"column":null}}},"fnMap":{},"branchMap":{"0":{"loc":{"start":{"line":8,"column":7},"end":{"line":8,"column":30}},"type":"binary-expr","locations":[{"start":{"line":8,"column":7},"end":{"line":8,"column":30}},{"start":{"line":8,"column":34},"end":{"line":8,"column":57}},{"start":{"line":8,"column":57},"end":{"line":8,"column":null}}]},"1":{"loc":{"start":{"line":12,"column":7},"end":{"line":12,"column":33}},"type":"binary-expr","locations":[{"start":{"line":12,"column":7},"end":{"line":12,"column":33}},{"start":{"line":12,"column":37},"end":{"line":12,"column":63}},{"start":{"line":12,"column":63},"end":{"line":12,"column":null}}]},"2":{"loc":{"start":{"line":16,"column":7},"end":{"line":16,"column":26}},"type":"binary-expr","locations":[{"start":{"line":16,"column":7},"end":{"line":16,"column":26}},{"start":{"line":16,"column":30},"end":{"line":16,"column":49}},{"start":{"line":16,"column":49},"end":{"line":16,"column":null}}]},"3":{"loc":{"start":{"line":8,"column":7},"end":{"line":8,"column":30}},"type":"binary-expr","locations":[{"start":{"line":8,"column":7},"end":{"line":8,"column":30}},{"start":{"line":8,"column":34},"end":{"line":8,"column":57}}]},"4":{"loc":{"start":{"line":12,"column":7},"end":{"line":12,"column":33}},"type":"binary-expr","locations":[{"start":{"line":12,"column":7},"end":{"line":12,"column":33}},{"start":{"line":12,"column":37},"end":{"line":12,"column":63}}]},"5":{"loc":{"start":{"line":16,"column":7},"end":{"line":16,"column":26}},"type":"binary-expr","locations":[{"start":{"line":16,"column":7},"end":{"line":16,"column":26}},{"start":{"line":16,"column":30},"end":{"line":16,"column":49}}]},"6":{"loc":{"start":{"line":7,"column":29},"end":{"line":7,"column":37}},"type":"binary-expr","locations":[{"start":{"line":7,"column":29},"end":{"line":7,"column":37}},{"start":{"line":7,"column":29},"end":{"line":7,"column":null}}]}},"s":{"0":1,"1":1,"2":1,"3":1,"4":1},"f":{},"b":{"0":[1,1,0],"1":[1,1,0],"2":[1,1,0],"3":[0,0],"4":[0,0],"5":[0,0],"6":[0,0]}}
,"/Users/wisord/Documents/Platzi/Platzi-Master/CheaPlatzi/Frontend/src/components/ConsoleItem.svelte": {"path":"/Users/wisord/Documents/Platzi/Platzi-Master/CheaPlatzi/Frontend/src/components/ConsoleItem.svelte","statementMap":{"0":{"start":{"line":54,"column":9},"end":{"line":54,"column":null}},"1":{"start":{"line":55,"column":10},"end":{"line":55,"column":null}},"2":{"start":{"line":56,"column":28},"end":{"line":56,"column":null}},"3":{"start":{"line":59,"column":8},"end":{"line":59,"column":null}},"4":{"start":{"line":52,"column":19},"end":{"line":52,"column":null}},"5":{"start":{"line":51,"column":29},"end":{"line":51,"column":null}},"6":{"start":{"line":2,"column":20},"end":{"line":2,"column":null}},"7":{"start":{"line":3,"column":35},"end":{"line":3,"column":null}},"8":{"start":{"line":4,"column":25},"end":{"line":4,"column":null}},"9":{"start":{"line":5,"column":67},"end":{"line":5,"column":null}},"10":{"start":{"line":6,"column":32},"end":{"line":6,"column":null}},"11":{"start":{"line":7,"column":32},"end":{"line":7,"column":null}},"12":{"start":{"line":8,"column":41},"end":{"line":8,"column":null}},"13":{"start":{"line":9,"column":29},"end":{"line":9,"column":null}},"14":{"start":{"line":12,"column":6},"end":{"line":12,"column":null}},"15":{"start":{"line":15,"column":6},"end":{"line":15,"column":null}},"16":{"start":{"line":18,"column":6},"end":{"line":18,"column":null}},"17":{"start":{"line":21,"column":6},"end":{"line":21,"column":null}},"18":{"start":{"line":26,"column":6},"end":{"line":26,"column":null}},"19":{"start":{"line":29,"column":6},"end":{"line":29,"column":null}},"20":{"start":{"line":32,"column":6},"end":{"line":32,"column":null}},"21":{"start":{"line":35,"column":6},"end":{"line":35,"column":null}},"22":{"start":{"line":38,"column":6},"end":{"line":38,"column":null}},"23":{"start":{"line":41,"column":6},"end":{"line":41,"column":null}},"24":{"start":{"line":44,"column":6},"end":{"line":44,"column":null}}},"fnMap":{},"branchMap":{"0":{"loc":{"start":{"line":52,"column":40},"end":{"line":52,"column":46}},"type":"cond-expr","locations":[{"start":{"line":52,"column":40},"end":{"line":52,"column":46}},{"start":{"line":52,"column":49},"end":{"line":52,"column":58}}]},"1":{"loc":{"start":{"line":54,"column":9},"end":{"line":54,"column":null}},"type":"if","locations":[{"start":{"line":54,"column":9},"end":{"line":54,"column":null}},{"start":{"line":54,"column":9},"end":{"line":54,"column":null}}]},"2":{"loc":{"start":{"line":55,"column":10},"end":{"line":55,"column":null}},"type":"if","locations":[{"start":{"line":55,"column":10},"end":{"line":55,"column":null}},{"start":{"line":55,"column":10},"end":{"line":55,"column":null}}]},"3":{"loc":{"start":{"line":56,"column":28},"end":{"line":56,"column":null}},"type":"if","locations":[{"start":{"line":56,"column":28},"end":{"line":56,"column":null}},{"start":{"line":56,"column":28},"end":{"line":56,"column":null}}]},"4":{"loc":{"start":{"line":52,"column":19},"end":{"line":52,"column":26}},"type":"binary-expr","locations":[{"start":{"line":52,"column":19},"end":{"line":52,"column":26}},{"start":{"line":52,"column":19},"end":{"line":52,"column":null}}]},"5":{"loc":{"start":{"line":59,"column":8},"end":{"line":59,"column":null}},"type":"if","locations":[{"start":{"line":59,"column":8},"end":{"line":59,"column":null}},{"start":{"line":59,"column":8},"end":{"line":59,"column":null}}]},"6":{"loc":{"start":{"line":51,"column":29},"end":{"line":51,"column":41}},"type":"binary-expr","locations":[{"start":{"line":51,"column":29},"end":{"line":51,"column":41}},{"start":{"line":51,"column":29},"end":{"line":51,"column":null}}]},"7":{"loc":{"start":{"line":3,"column":20},"end":{"line":3,"column":35}},"type":"default-arg","locations":[{"start":{"line":3,"column":20},"end":{"line":3,"column":35}}]},"8":{"loc":{"start":{"line":4,"column":21},"end":{"line":4,"column":25}},"type":"default-arg","locations":[{"start":{"line":4,"column":21},"end":{"line":4,"column":25}}]},"9":{"loc":{"start":{"line":5,"column":27},"end":{"line":5,"column":67}},"type":"default-arg","locations":[{"start":{"line":5,"column":27},"end":{"line":5,"column":67}}]},"10":{"loc":{"start":{"line":6,"column":24},"end":{"line":6,"column":32}},"type":"default-arg","locations":[{"start":{"line":6,"column":24},"end":{"line":6,"column":32}}]},"11":{"loc":{"start":{"line":7,"column":31},"end":{"line":7,"column":32}},"type":"default-arg","locations":[{"start":{"line":7,"column":31},"end":{"line":7,"column":32}}]},"12":{"loc":{"start":{"line":8,"column":28},"end":{"line":8,"column":41}},"type":"default-arg","locations":[{"start":{"line":8,"column":28},"end":{"line":8,"column":41}}]},"13":{"loc":{"start":{"line":9,"column":28},"end":{"line":9,"column":29}},"type":"default-arg","locations":[{"start":{"line":9,"column":28},"end":{"line":9,"column":29}}]}},"s":{"0":2,"1":2,"2":2,"3":2,"4":2,"5":2,"6":2,"7":2,"8":2,"9":2,"10":2,"11":2,"12":2,"13":2,"14":1,"15":0,"16":1,"17":0,"18":1,"19":0,"20":0,"21":1,"22":0,"23":0,"24":0},"f":{},"b":{"0":[1,1],"1":[0,0],"2":[0,0],"3":[0,0],"4":[0,0],"5":[0,0],"6":[0,0],"7":[1],"8":[1],"9":[1],"10":[2],"11":[1],"12":[2],"13":[1]}}
,"/Users/wisord/Documents/Platzi/Platzi-Master/CheaPlatzi/Frontend/src/components/Footer.svelte": {"path":"/Users/wisord/Documents/Platzi/Platzi-Master/CheaPlatzi/Frontend/src/components/Footer.svelte","statementMap":{"0":{"start":{"line":20,"column":25},"end":{"line":20,"column":null}},"1":{"start":{"line":25,"column":25},"end":{"line":25,"column":null}},"2":{"start":{"line":30,"column":25},"end":{"line":30,"column":null}},"3":{"start":{"line":2,"column":20},"end":{"line":2,"column":null}}},"fnMap":{},"branchMap":{"0":{"loc":{"start":{"line":20,"column":46},"end":{"line":20,"column":52}},"type":"cond-expr","locations":[{"start":{"line":20,"column":46},"end":{"line":20,"column":52}},{"start":{"line":20,"column":55},"end":{"line":20,"column":64}}]},"1":{"loc":{"start":{"line":25,"column":47},"end":{"line":25,"column":53}},"type":"cond-expr","locations":[{"start":{"line":25,"column":47},"end":{"line":25,"column":53}},{"start":{"line":25,"column":56},"end":{"line":25,"column":65}}]},"2":{"loc":{"start":{"line":30,"column":46},"end":{"line":30,"column":52}},"type":"cond-expr","locations":[{"start":{"line":30,"column":46},"end":{"line":30,"column":52}},{"start":{"line":30,"column":55},"end":{"line":30,"column":64}}]},"3":{"loc":{"start":{"line":20,"column":25},"end":{"line":20,"column":32}},"type":"binary-expr","locations":[{"start":{"line":20,"column":25},"end":{"line":20,"column":32}},{"start":{"line":20,"column":25},"end":{"line":20,"column":null}}]},"4":{"loc":{"start":{"line":25,"column":25},"end":{"line":25,"column":32}},"type":"binary-expr","locations":[{"start":{"line":25,"column":25},"end":{"line":25,"column":32}},{"start":{"line":25,"column":25},"end":{"line":25,"column":null}}]},"5":{"loc":{"start":{"line":30,"column":25},"end":{"line":30,"column":32}},"type":"binary-expr","locations":[{"start":{"line":30,"column":25},"end":{"line":30,"column":32}},{"start":{"line":30,"column":25},"end":{"line":30,"column":null}}]}},"s":{"0":2,"1":2,"2":2,"3":2},"f":{},"b":{"0":[0,2],"1":[0,2],"2":[0,2],"3":[0,0],"4":[0,0],"5":[0,0]}}
,"/Users/wisord/Documents/Platzi/Platzi-Master/CheaPlatzi/Frontend/src/components/Login.svelte": {"path":"/Users/wisord/Documents/Platzi/Platzi-Master/CheaPlatzi/Frontend/src/components/Login.svelte","statementMap":{"0":{"start":{"line":2,"column":18},"end":{"line":2,"column":null}},"1":{"start":{"line":3,"column":22},"end":{"line":3,"column":null}},"2":{"start":{"line":4,"column":37},"end":{"line":4,"column":null}},"3":{"start":{"line":13,"column":5},"end":{"line":13,"column":null}},"4":{"start":{"line":13,"column":17},"end":{"line":13,"column":null}},"5":{"start":{"line":7,"column":5},"end":{"line":7,"column":null}},"6":{"start":{"line":16,"column":6},"end":{"line":16,"column":null}}},"fnMap":{},"branchMap":{"0":{"loc":{"start":{"line":13,"column":5},"end":{"line":13,"column":null}},"type":"if","locations":[{"start":{"line":13,"column":5},"end":{"line":13,"column":null}},{"start":{"line":13,"column":5},"end":{"line":13,"column":null}}]},"1":{"loc":{"start":{"line":7,"column":5},"end":{"line":7,"column":17}},"type":"binary-expr","locations":[{"start":{"line":7,"column":5},"end":{"line":7,"column":17}},{"start":{"line":7,"column":21},"end":{"line":7,"column":null}}]}},"s":{"0":1,"1":1,"2":1,"3":0,"4":0,"5":0,"6":0},"f":{},"b":{"0":[0,0],"1":[0,0]}}
,"/Users/wisord/Documents/Platzi/Platzi-Master/CheaPlatzi/Frontend/src/components/Nav.svelte": {"path":"/Users/wisord/Documents/Platzi/Platzi-Master/CheaPlatzi/Frontend/src/components/Nav.svelte","statementMap":{"0":{"start":{"line":2,"column":14},"end":{"line":2,"column":null}},"1":{"start":{"line":3,"column":15},"end":{"line":3,"column":null}},"2":{"start":{"line":4,"column":18},"end":{"line":4,"column":null}},"3":{"start":{"line":5,"column":22},"end":{"line":5,"column":null}},"4":{"start":{"line":57,"column":25},"end":{"line":57,"column":null}},"5":{"start":{"line":56,"column":12},"end":{"line":56,"column":null}},"6":{"start":{"line":56,"column":24},"end":{"line":56,"column":null}},"7":{"start":{"line":19,"column":21},"end":{"line":19,"column":null}},"8":{"start":{"line":26,"column":23},"end":{"line":26,"column":null}},"9":{"start":{"line":31,"column":23},"end":{"line":31,"column":null}},"10":{"start":{"line":38,"column":22},"end":{"line":38,"column":null}},"11":{"start":{"line":45,"column":22},"end":{"line":45,"column":null}},"12":{"start":{"line":51,"column":23},"end":{"line":51,"column":null}},"13":{"start":{"line":7,"column":20},"end":{"line":7,"column":null}}},"fnMap":{},"branchMap":{"0":{"loc":{"start":{"line":57,"column":47},"end":{"line":57,"column":53}},"type":"cond-expr","locations":[{"start":{"line":57,"column":47},"end":{"line":57,"column":53}},{"start":{"line":57,"column":56},"end":{"line":57,"column":65}}]},"1":{"loc":{"start":{"line":57,"column":25},"end":{"line":57,"column":32}},"type":"binary-expr","locations":[{"start":{"line":57,"column":25},"end":{"line":57,"column":32}},{"start":{"line":57,"column":25},"end":{"line":57,"column":32}},{"start":{"line":57,"column":25},"end":{"line":57,"column":null}}]},"2":{"loc":{"start":{"line":56,"column":12},"end":{"line":56,"column":null}},"type":"if","locations":[{"start":{"line":56,"column":12},"end":{"line":56,"column":null}},{"start":{"line":56,"column":12},"end":{"line":56,"column":null}}]},"3":{"loc":{"start":{"line":19,"column":45},"end":{"line":19,"column":51}},"type":"cond-expr","locations":[{"start":{"line":19,"column":45},"end":{"line":19,"column":51}},{"start":{"line":19,"column":54},"end":{"line":19,"column":63}}]},"4":{"loc":{"start":{"line":26,"column":47},"end":{"line":26,"column":53}},"type":"cond-expr","locations":[{"start":{"line":26,"column":47},"end":{"line":26,"column":53}},{"start":{"line":26,"column":56},"end":{"line":26,"column":65}}]},"5":{"loc":{"start":{"line":31,"column":45},"end":{"line":31,"column":51}},"type":"cond-expr","locations":[{"start":{"line":31,"column":45},"end":{"line":31,"column":51}},{"start":{"line":31,"column":54},"end":{"line":31,"column":63}}]},"6":{"loc":{"start":{"line":38,"column":43},"end":{"line":38,"column":49}},"type":"cond-expr","locations":[{"start":{"line":38,"column":43},"end":{"line":38,"column":49}},{"start":{"line":38,"column":52},"end":{"line":38,"column":61}}]},"7":{"loc":{"start":{"line":45,"column":48},"end":{"line":45,"column":54}},"type":"cond-expr","locations":[{"start":{"line":45,"column":48},"end":{"line":45,"column":54}},{"start":{"line":45,"column":57},"end":{"line":45,"column":66}}]},"8":{"loc":{"start":{"line":51,"column":46},"end":{"line":51,"column":52}},"type":"cond-expr","locations":[{"start":{"line":51,"column":46},"end":{"line":51,"column":52}},{"start":{"line":51,"column":55},"end":{"line":51,"column":64}}]},"9":{"loc":{"start":{"line":19,"column":21},"end":{"line":19,"column":28}},"type":"binary-expr","locations":[{"start":{"line":19,"column":21},"end":{"line":19,"column":28}},{"start":{"line":19,"column":21},"end":{"line":19,"column":28}},{"start":{"line":19,"column":21},"end":{"line":19,"column":null}}]},"10":{"loc":{"start":{"line":26,"column":23},"end":{"line":26,"column":30}},"type":"binary-expr","locations":[{"start":{"line":26,"column":23},"end":{"line":26,"column":30}},{"start":{"line":26,"column":23},"end":{"line":26,"column":30}},{"start":{"line":26,"column":23},"end":{"line":26,"column":null}}]},"11":{"loc":{"start":{"line":31,"column":23},"end":{"line":31,"column":30}},"type":"binary-expr","locations":[{"start":{"line":31,"column":23},"end":{"line":31,"column":30}},{"start":{"line":31,"column":23},"end":{"line":31,"column":30}},{"start":{"line":31,"column":23},"end":{"line":31,"column":null}}]},"12":{"loc":{"start":{"line":38,"column":22},"end":{"line":38,"column":29}},"type":"binary-expr","locations":[{"start":{"line":38,"column":22},"end":{"line":38,"column":29}},{"start":{"line":38,"column":22},"end":{"line":38,"column":29}},{"start":{"line":38,"column":22},"end":{"line":38,"column":null}}]},"13":{"loc":{"start":{"line":45,"column":22},"end":{"line":45,"column":29}},"type":"binary-expr","locations":[{"start":{"line":45,"column":22},"end":{"line":45,"column":29}},{"start":{"line":45,"column":22},"end":{"line":45,"column":29}},{"start":{"line":45,"column":22},"end":{"line":45,"column":null}}]},"14":{"loc":{"start":{"line":51,"column":23},"end":{"line":51,"column":30}},"type":"binary-expr","locations":[{"start":{"line":51,"column":23},"end":{"line":51,"column":30}},{"start":{"line":51,"column":23},"end":{"line":51,"column":30}},{"start":{"line":51,"column":23},"end":{"line":51,"column":null}}]}},"s":{"0":1,"1":1,"2":1,"3":1,"4":2,"5":2,"6":2,"7":2,"8":2,"9":2,"10":2,"11":2,"12":2,"13":2},"f":{},"b":{"0":[0,2],"1":[0,0,0],"2":[2,0],"3":[2,0],"4":[2,0],"5":[0,2],"6":[0,2],"7":[0,2],"8":[0,2],"9":[0,0,0],"10":[0,0,0],"11":[0,0,0],"12":[0,0,0],"13":[0,0,0],"14":[0,0,0]}}
,"/Users/wisord/Documents/Platzi/Platzi-Master/CheaPlatzi/Frontend/src/components/TextInput.svelte": {"path":"/Users/wisord/Documents/Platzi/Platzi-Master/CheaPlatzi/Frontend/src/components/TextInput.svelte","statementMap":{"0":{"start":{"line":2,"column":55},"end":{"line":2,"column":null}}},"fnMap":{},"branchMap":{"0":{"loc":{"start":{"line":2,"column":27},"end":{"line":2,"column":55}},"type":"default-arg","locations":[{"start":{"line":2,"column":27},"end":{"line":2,"column":55}}]}},"s":{"0":1},"f":{},"b":{"0":[1]}}
,"/Users/wisord/Documents/Platzi/Platzi-Master/CheaPlatzi/Frontend/src/stores/user.js": {"path":"/Users/wisord/Documents/Platzi/Platzi-Master/CheaPlatzi/Frontend/src/stores/user.js","statementMap":{"0":{"start":{"line":3,"column":27},"end":{"line":3,"column":41}}},"fnMap":{},"branchMap":{},"s":{"0":1},"f":{},"b":{},"_coverageSchema":"1a1c01bbd47fc00a2c39e90264f33305004495a9","hash":"6d9b186def3b73cd7c81ea76d75761767ebaad8c"}
,"/Users/wisord/Documents/Platzi/Platzi-Master/CheaPlatzi/Frontend/src/utils/firebase.js": {"path":"/Users/wisord/Documents/Platzi/Platzi-Master/CheaPlatzi/Frontend/src/utils/firebase.js","statementMap":{"0":{"start":{"line":4,"column":22},"end":{"line":14,"column":1}},"1":{"start":{"line":6,"column":23},"end":{"line":6,"column":65}},"2":{"start":{"line":7,"column":22},"end":{"line":7,"column":66}},"3":{"start":{"line":9,"column":2},"end":{"line":13,"column":7}},"4":{"start":{"line":11,"column":24},"end":{"line":11,"column":34}},"5":{"start":{"line":12,"column":27},"end":{"line":12,"column":40}},"6":{"start":{"line":16,"column":21},"end":{"line":33,"column":1}},"7":{"start":{"line":18,"column":21},"end":{"line":18,"column":62}},"8":{"start":{"line":19,"column":21},"end":{"line":19,"column":64}},"9":{"start":{"line":21,"column":2},"end":{"line":32,"column":7}},"10":{"start":{"line":23,"column":24},"end":{"line":23,"column":34}},"11":{"start":{"line":24,"column":27},"end":{"line":24,"column":40}},"12":{"start":{"line":27,"column":6},"end":{"line":31,"column":7}},"13":{"start":{"line":28,"column":8},"end":{"line":28,"column":60}},"14":{"start":{"line":30,"column":8},"end":{"line":30,"column":27}},"15":{"start":{"line":35,"column":23},"end":{"line":48,"column":1}},"16":{"start":{"line":36,"column":2},"end":{"line":47,"column":7}},"17":{"start":{"line":41,"column":6},"end":{"line":41,"column":19}},"18":{"start":{"line":42,"column":6},"end":{"line":42,"column":26}},"19":{"start":{"line":46,"column":6},"end":{"line":46,"column":27}},"20":{"start":{"line":50,"column":33},"end":{"line":63,"column":1}},"21":{"start":{"line":51,"column":19},"end":{"line":58,"column":3}},"22":{"start":{"line":55,"column":8},"end":{"line":55,"column":21}},"23":{"start":{"line":60,"column":4},"end":{"line":61,"column":47}},"24":{"start":{"line":62,"column":2},"end":{"line":62,"column":51}}},"fnMap":{"0":{"name":"(anonymous_0)","decl":{"start":{"line":4,"column":22},"end":{"line":4,"column":23}},"loc":{"start":{"line":4,"column":28},"end":{"line":14,"column":1}},"line":4},"1":{"name":"(anonymous_1)","decl":{"start":{"line":10,"column":11},"end":{"line":10,"column":12}},"loc":{"start":{"line":10,"column":28},"end":{"line":13,"column":5}},"line":10},"2":{"name":"(anonymous_2)","decl":{"start":{"line":16,"column":21},"end":{"line":16,"column":22}},"loc":{"start":{"line":16,"column":27},"end":{"line":33,"column":1}},"line":16},"3":{"name":"(anonymous_3)","decl":{"start":{"line":22,"column":11},"end":{"line":22,"column":12}},"loc":{"start":{"line":22,"column":28},"end":{"line":32,"column":5}},"line":22},"4":{"name":"(anonymous_4)","decl":{"start":{"line":35,"column":23},"end":{"line":35,"column":24}},"loc":{"start":{"line":35,"column":29},"end":{"line":48,"column":1}},"line":35},"5":{"name":"(anonymous_5)","decl":{"start":{"line":39,"column":10},"end":{"line":39,"column":11}},"loc":{"start":{"line":39,"column":22},"end":{"line":43,"column":5}},"line":39},"6":{"name":"(anonymous_6)","decl":{"start":{"line":44,"column":11},"end":{"line":44,"column":12}},"loc":{"start":{"line":44,"column":20},"end":{"line":47,"column":5}},"line":44},"7":{"name":"(anonymous_7)","decl":{"start":{"line":50,"column":33},"end":{"line":50,"column":34}},"loc":{"start":{"line":50,"column":39},"end":{"line":63,"column":1}},"line":50},"8":{"name":"(anonymous_8)","decl":{"start":{"line":54,"column":35},"end":{"line":54,"column":36}},"loc":{"start":{"line":54,"column":70},"end":{"line":56,"column":7}},"line":54}},"branchMap":{"0":{"loc":{"start":{"line":27,"column":6},"end":{"line":31,"column":7}},"type":"if","locations":[{"start":{"line":27,"column":6},"end":{"line":31,"column":7}},{"start":{"line":27,"column":6},"end":{"line":31,"column":7}}],"line":27},"1":{"loc":{"start":{"line":60,"column":4},"end":{"line":61,"column":47}},"type":"binary-expr","locations":[{"start":{"line":60,"column":4},"end":{"line":60,"column":40}},{"start":{"line":61,"column":4},"end":{"line":61,"column":47}}],"line":60}},"s":{"0":1,"1":0,"2":0,"3":0,"4":0,"5":0,"6":1,"7":0,"8":0,"9":0,"10":0,"11":0,"12":0,"13":0,"14":0,"15":1,"16":0,"17":0,"18":0,"19":0,"20":1,"21":0,"22":0,"23":0,"24":0},"f":{"0":0,"1":0,"2":0,"3":0,"4":0,"5":0,"6":0,"7":0,"8":0},"b":{"0":[0,0],"1":[0,0]},"_coverageSchema":"1a1c01bbd47fc00a2c39e90264f33305004495a9","hash":"e0fa6246fa8e5b9a28960ef2db879cc4d2a041ef"}
}
