{"/Users/wisord/Documents/Platzi/Platzi-Master/CheaPlatzi/Frontend/src/components/Button.svelte": {"path":"/Users/wisord/Documents/Platzi/Platzi-Master/CheaPlatzi/Frontend/src/components/Button.svelte","statementMap":{"0":{"start":{"line":7,"column":9},"end":{"line":7,"column":null}},"1":{"start":{"line":2,"column":30},"end":{"line":2,"column":null}}},"fnMap":{},"branchMap":{"0":{"loc":{"start":{"line":7,"column":9},"end":{"line":7,"column":null}},"type":"if","locations":[{"start":{"line":7,"column":9},"end":{"line":7,"column":null}},{"start":{"line":7,"column":9},"end":{"line":7,"column":null}}]},"1":{"loc":{"start":{"line":2,"column":20},"end":{"line":2,"column":30}},"type":"default-arg","locations":[{"start":{"line":2,"column":20},"end":{"line":2,"column":30}}]}},"s":{"0":3,"1":3},"f":{},"b":{"0":[0,0],"1":[1]}}
,"/Users/wisord/Documents/Platzi/Platzi-Master/CheaPlatzi/Frontend/src/components/CategoryItem.svelte": {"path":"/Users/wisord/Documents/Platzi/Platzi-Master/CheaPlatzi/Frontend/src/components/CategoryItem.svelte","statementMap":{"0":{"start":{"line":8,"column":7},"end":{"line":8,"column":null}},"1":{"start":{"line":12,"column":7},"end":{"line":12,"column":null}},"2":{"start":{"line":16,"column":7},"end":{"line":16,"column":null}},"3":{"start":{"line":7,"column":29},"end":{"line":7,"column":null}},"4":{"start":{"line":2,"column":21},"end":{"line":2,"column":null}}},"fnMap":{},"branchMap":{"0":{"loc":{"start":{"line":8,"column":7},"end":{"line":8,"column":30}},"type":"binary-expr","locations":[{"start":{"line":8,"column":7},"end":{"line":8,"column":30}},{"start":{"line":8,"column":34},"end":{"line":8,"column":57}},{"start":{"line":8,"column":57},"end":{"line":8,"column":null}}]},"1":{"loc":{"start":{"line":12,"column":7},"end":{"line":12,"column":33}},"type":"binary-expr","locations":[{"start":{"line":12,"column":7},"end":{"line":12,"column":33}},{"start":{"line":12,"column":37},"end":{"line":12,"column":63}},{"start":{"line":12,"column":63},"end":{"line":12,"column":null}}]},"2":{"loc":{"start":{"line":16,"column":7},"end":{"line":16,"column":26}},"type":"binary-expr","locations":[{"start":{"line":16,"column":7},"end":{"line":16,"column":26}},{"start":{"line":16,"column":30},"end":{"line":16,"column":49}},{"start":{"line":16,"column":49},"end":{"line":16,"column":null}}]},"3":{"loc":{"start":{"line":8,"column":7},"end":{"line":8,"column":30}},"type":"binary-expr","locations":[{"start":{"line":8,"column":7},"end":{"line":8,"column":30}},{"start":{"line":8,"column":34},"end":{"line":8,"column":57}}]},"4":{"loc":{"start":{"line":12,"column":7},"end":{"line":12,"column":33}},"type":"binary-expr","locations":[{"start":{"line":12,"column":7},"end":{"line":12,"column":33}},{"start":{"line":12,"column":37},"end":{"line":12,"column":63}}]},"5":{"loc":{"start":{"line":16,"column":7},"end":{"line":16,"column":26}},"type":"binary-expr","locations":[{"start":{"line":16,"column":7},"end":{"line":16,"column":26}},{"start":{"line":16,"column":30},"end":{"line":16,"column":49}}]},"6":{"loc":{"start":{"line":7,"column":29},"end":{"line":7,"column":37}},"type":"binary-expr","locations":[{"start":{"line":7,"column":29},"end":{"line":7,"column":37}},{"start":{"line":7,"column":29},"end":{"line":7,"column":null}}]}},"s":{"0":1,"1":1,"2":1,"3":1,"4":1},"f":{},"b":{"0":[1,1,0],"1":[1,1,0],"2":[1,1,0],"3":[0,0],"4":[0,0],"5":[0,0],"6":[0,0]}}
,"/Users/wisord/Documents/Platzi/Platzi-Master/CheaPlatzi/Frontend/src/components/Login.svelte": {"path":"/Users/wisord/Documents/Platzi/Platzi-Master/CheaPlatzi/Frontend/src/components/Login.svelte","statementMap":{"0":{"start":{"line":2,"column":18},"end":{"line":2,"column":null}},"1":{"start":{"line":3,"column":22},"end":{"line":3,"column":null}},"2":{"start":{"line":4,"column":37},"end":{"line":4,"column":null}},"3":{"start":{"line":13,"column":5},"end":{"line":13,"column":null}},"4":{"start":{"line":13,"column":17},"end":{"line":13,"column":null}},"5":{"start":{"line":7,"column":5},"end":{"line":7,"column":null}},"6":{"start":{"line":16,"column":6},"end":{"line":16,"column":null}}},"fnMap":{},"branchMap":{"0":{"loc":{"start":{"line":13,"column":5},"end":{"line":13,"column":null}},"type":"if","locations":[{"start":{"line":13,"column":5},"end":{"line":13,"column":null}},{"start":{"line":13,"column":5},"end":{"line":13,"column":null}}]},"1":{"loc":{"start":{"line":7,"column":5},"end":{"line":7,"column":17}},"type":"binary-expr","locations":[{"start":{"line":7,"column":5},"end":{"line":7,"column":17}},{"start":{"line":7,"column":21},"end":{"line":7,"column":null}}]}},"s":{"0":1,"1":1,"2":1,"3":0,"4":0,"5":0,"6":0},"f":{},"b":{"0":[0,0],"1":[0,0]}}
,"/Users/wisord/Documents/Platzi/Platzi-Master/CheaPlatzi/Frontend/src/components/Nav.svelte": {"path":"/Users/wisord/Documents/Platzi/Platzi-Master/CheaPlatzi/Frontend/src/components/Nav.svelte","statementMap":{"0":{"start":{"line":2,"column":14},"end":{"line":2,"column":null}},"1":{"start":{"line":3,"column":15},"end":{"line":3,"column":null}},"2":{"start":{"line":4,"column":18},"end":{"line":4,"column":null}},"3":{"start":{"line":5,"column":22},"end":{"line":5,"column":null}},"4":{"start":{"line":61,"column":25},"end":{"line":61,"column":null}},"5":{"start":{"line":60,"column":12},"end":{"line":60,"column":null}},"6":{"start":{"line":60,"column":24},"end":{"line":60,"column":null}},"7":{"start":{"line":14,"column":21},"end":{"line":14,"column":null}},"8":{"start":{"line":24,"column":23},"end":{"line":24,"column":null}},"9":{"start":{"line":29,"column":23},"end":{"line":29,"column":null}},"10":{"start":{"line":39,"column":22},"end":{"line":39,"column":null}},"11":{"start":{"line":47,"column":22},"end":{"line":47,"column":null}},"12":{"start":{"line":54,"column":23},"end":{"line":54,"column":null}},"13":{"start":{"line":7,"column":20},"end":{"line":7,"column":null}}},"fnMap":{},"branchMap":{"0":{"loc":{"start":{"line":61,"column":47},"end":{"line":61,"column":53}},"type":"cond-expr","locations":[{"start":{"line":61,"column":47},"end":{"line":61,"column":53}},{"start":{"line":61,"column":56},"end":{"line":61,"column":65}}]},"1":{"loc":{"start":{"line":61,"column":25},"end":{"line":61,"column":32}},"type":"binary-expr","locations":[{"start":{"line":61,"column":25},"end":{"line":61,"column":32}},{"start":{"line":61,"column":25},"end":{"line":61,"column":32}},{"start":{"line":61,"column":25},"end":{"line":61,"column":null}}]},"2":{"loc":{"start":{"line":60,"column":12},"end":{"line":60,"column":null}},"type":"if","locations":[{"start":{"line":60,"column":12},"end":{"line":60,"column":null}},{"start":{"line":60,"column":12},"end":{"line":60,"column":null}}]},"3":{"loc":{"start":{"line":14,"column":45},"end":{"line":14,"column":51}},"type":"cond-expr","locations":[{"start":{"line":14,"column":45},"end":{"line":14,"column":51}},{"start":{"line":14,"column":54},"end":{"line":14,"column":63}}]},"4":{"loc":{"start":{"line":24,"column":47},"end":{"line":24,"column":53}},"type":"cond-expr","locations":[{"start":{"line":24,"column":47},"end":{"line":24,"column":53}},{"start":{"line":24,"column":56},"end":{"line":24,"column":65}}]},"5":{"loc":{"start":{"line":29,"column":45},"end":{"line":29,"column":51}},"type":"cond-expr","locations":[{"start":{"line":29,"column":45},"end":{"line":29,"column":51}},{"start":{"line":29,"column":54},"end":{"line":29,"column":63}}]},"6":{"loc":{"start":{"line":39,"column":43},"end":{"line":39,"column":49}},"type":"cond-expr","locations":[{"start":{"line":39,"column":43},"end":{"line":39,"column":49}},{"start":{"line":39,"column":52},"end":{"line":39,"column":61}}]},"7":{"loc":{"start":{"line":47,"column":48},"end":{"line":47,"column":54}},"type":"cond-expr","locations":[{"start":{"line":47,"column":48},"end":{"line":47,"column":54}},{"start":{"line":47,"column":57},"end":{"line":47,"column":66}}]},"8":{"loc":{"start":{"line":54,"column":46},"end":{"line":54,"column":52}},"type":"cond-expr","locations":[{"start":{"line":54,"column":46},"end":{"line":54,"column":52}},{"start":{"line":54,"column":55},"end":{"line":54,"column":64}}]},"9":{"loc":{"start":{"line":14,"column":21},"end":{"line":14,"column":28}},"type":"binary-expr","locations":[{"start":{"line":14,"column":21},"end":{"line":14,"column":28}},{"start":{"line":14,"column":21},"end":{"line":14,"column":28}},{"start":{"line":14,"column":21},"end":{"line":14,"column":null}}]},"10":{"loc":{"start":{"line":24,"column":23},"end":{"line":24,"column":30}},"type":"binary-expr","locations":[{"start":{"line":24,"column":23},"end":{"line":24,"column":30}},{"start":{"line":24,"column":23},"end":{"line":24,"column":30}},{"start":{"line":24,"column":23},"end":{"line":24,"column":null}}]},"11":{"loc":{"start":{"line":29,"column":23},"end":{"line":29,"column":30}},"type":"binary-expr","locations":[{"start":{"line":29,"column":23},"end":{"line":29,"column":30}},{"start":{"line":29,"column":23},"end":{"line":29,"column":30}},{"start":{"line":29,"column":23},"end":{"line":29,"column":null}}]},"12":{"loc":{"start":{"line":39,"column":22},"end":{"line":39,"column":29}},"type":"binary-expr","locations":[{"start":{"line":39,"column":22},"end":{"line":39,"column":29}},{"start":{"line":39,"column":22},"end":{"line":39,"column":29}},{"start":{"line":39,"column":22},"end":{"line":39,"column":null}}]},"13":{"loc":{"start":{"line":47,"column":22},"end":{"line":47,"column":29}},"type":"binary-expr","locations":[{"start":{"line":47,"column":22},"end":{"line":47,"column":29}},{"start":{"line":47,"column":22},"end":{"line":47,"column":29}},{"start":{"line":47,"column":22},"end":{"line":47,"column":null}}]},"14":{"loc":{"start":{"line":54,"column":23},"end":{"line":54,"column":30}},"type":"binary-expr","locations":[{"start":{"line":54,"column":23},"end":{"line":54,"column":30}},{"start":{"line":54,"column":23},"end":{"line":54,"column":30}},{"start":{"line":54,"column":23},"end":{"line":54,"column":null}}]}},"s":{"0":1,"1":1,"2":1,"3":1,"4":2,"5":2,"6":2,"7":2,"8":2,"9":2,"10":2,"11":2,"12":2,"13":2},"f":{},"b":{"0":[0,2],"1":[0,0,0],"2":[2,0],"3":[2,0],"4":[2,0],"5":[0,2],"6":[0,2],"7":[0,2],"8":[0,2],"9":[0,0,0],"10":[0,0,0],"11":[0,0,0],"12":[0,0,0],"13":[0,0,0],"14":[0,0,0]}}
,"/Users/wisord/Documents/Platzi/Platzi-Master/CheaPlatzi/Frontend/src/components/TextInput.svelte": {"path":"/Users/wisord/Documents/Platzi/Platzi-Master/CheaPlatzi/Frontend/src/components/TextInput.svelte","statementMap":{"0":{"start":{"line":2,"column":35},"end":{"line":2,"column":null}}},"fnMap":{},"branchMap":{"0":{"loc":{"start":{"line":2,"column":27},"end":{"line":2,"column":35}},"type":"default-arg","locations":[{"start":{"line":2,"column":27},"end":{"line":2,"column":35}}]}},"s":{"0":1},"f":{},"b":{"0":[1]}}
,"/Users/wisord/Documents/Platzi/Platzi-Master/CheaPlatzi/Frontend/src/stores/user.js": {"path":"/Users/wisord/Documents/Platzi/Platzi-Master/CheaPlatzi/Frontend/src/stores/user.js","statementMap":{"0":{"start":{"line":3,"column":27},"end":{"line":3,"column":41}}},"fnMap":{},"branchMap":{},"s":{"0":1},"f":{},"b":{},"_coverageSchema":"1a1c01bbd47fc00a2c39e90264f33305004495a9","hash":"6d9b186def3b73cd7c81ea76d75761767ebaad8c"}
,"/Users/wisord/Documents/Platzi/Platzi-Master/CheaPlatzi/Frontend/src/utils/firebase.js": {"path":"/Users/wisord/Documents/Platzi/Platzi-Master/CheaPlatzi/Frontend/src/utils/firebase.js","statementMap":{"0":{"start":{"line":3,"column":22},"end":{"line":13,"column":1}},"1":{"start":{"line":5,"column":23},"end":{"line":5,"column":65}},"2":{"start":{"line":6,"column":22},"end":{"line":6,"column":66}},"3":{"start":{"line":8,"column":2},"end":{"line":12,"column":7}},"4":{"start":{"line":10,"column":24},"end":{"line":10,"column":34}},"5":{"start":{"line":11,"column":27},"end":{"line":11,"column":40}},"6":{"start":{"line":15,"column":21},"end":{"line":25,"column":1}},"7":{"start":{"line":17,"column":21},"end":{"line":17,"column":62}},"8":{"start":{"line":18,"column":21},"end":{"line":18,"column":64}},"9":{"start":{"line":20,"column":2},"end":{"line":24,"column":7}},"10":{"start":{"line":22,"column":24},"end":{"line":22,"column":34}},"11":{"start":{"line":23,"column":27},"end":{"line":23,"column":40}},"12":{"start":{"line":27,"column":23},"end":{"line":40,"column":1}},"13":{"start":{"line":28,"column":2},"end":{"line":39,"column":7}},"14":{"start":{"line":33,"column":6},"end":{"line":33,"column":19}},"15":{"start":{"line":34,"column":6},"end":{"line":34,"column":26}},"16":{"start":{"line":38,"column":6},"end":{"line":38,"column":27}},"17":{"start":{"line":42,"column":33},"end":{"line":55,"column":1}},"18":{"start":{"line":43,"column":19},"end":{"line":50,"column":3}},"19":{"start":{"line":47,"column":8},"end":{"line":47,"column":21}},"20":{"start":{"line":52,"column":4},"end":{"line":53,"column":47}},"21":{"start":{"line":54,"column":2},"end":{"line":54,"column":51}}},"fnMap":{"0":{"name":"(anonymous_0)","decl":{"start":{"line":3,"column":22},"end":{"line":3,"column":23}},"loc":{"start":{"line":3,"column":28},"end":{"line":13,"column":1}},"line":3},"1":{"name":"(anonymous_1)","decl":{"start":{"line":9,"column":11},"end":{"line":9,"column":12}},"loc":{"start":{"line":9,"column":28},"end":{"line":12,"column":5}},"line":9},"2":{"name":"(anonymous_2)","decl":{"start":{"line":15,"column":21},"end":{"line":15,"column":22}},"loc":{"start":{"line":15,"column":27},"end":{"line":25,"column":1}},"line":15},"3":{"name":"(anonymous_3)","decl":{"start":{"line":21,"column":11},"end":{"line":21,"column":12}},"loc":{"start":{"line":21,"column":28},"end":{"line":24,"column":5}},"line":21},"4":{"name":"(anonymous_4)","decl":{"start":{"line":27,"column":23},"end":{"line":27,"column":24}},"loc":{"start":{"line":27,"column":29},"end":{"line":40,"column":1}},"line":27},"5":{"name":"(anonymous_5)","decl":{"start":{"line":31,"column":10},"end":{"line":31,"column":11}},"loc":{"start":{"line":31,"column":22},"end":{"line":35,"column":5}},"line":31},"6":{"name":"(anonymous_6)","decl":{"start":{"line":36,"column":11},"end":{"line":36,"column":12}},"loc":{"start":{"line":36,"column":20},"end":{"line":39,"column":5}},"line":36},"7":{"name":"(anonymous_7)","decl":{"start":{"line":42,"column":33},"end":{"line":42,"column":34}},"loc":{"start":{"line":42,"column":39},"end":{"line":55,"column":1}},"line":42},"8":{"name":"(anonymous_8)","decl":{"start":{"line":46,"column":35},"end":{"line":46,"column":36}},"loc":{"start":{"line":46,"column":70},"end":{"line":48,"column":7}},"line":46}},"branchMap":{"0":{"loc":{"start":{"line":52,"column":4},"end":{"line":53,"column":47}},"type":"binary-expr","locations":[{"start":{"line":52,"column":4},"end":{"line":52,"column":40}},{"start":{"line":53,"column":4},"end":{"line":53,"column":47}}],"line":52}},"s":{"0":1,"1":0,"2":0,"3":0,"4":0,"5":0,"6":1,"7":0,"8":0,"9":0,"10":0,"11":0,"12":1,"13":0,"14":0,"15":0,"16":0,"17":1,"18":0,"19":0,"20":0,"21":0},"f":{"0":0,"1":0,"2":0,"3":0,"4":0,"5":0,"6":0,"7":0,"8":0},"b":{"0":[0,0]},"_coverageSchema":"1a1c01bbd47fc00a2c39e90264f33305004495a9","hash":"67532a9de5115f13882406b3c8c78491f32639f0"}
}
