TN:
SF:src/components/Button.svelte
FNF:0
FNH:0
DA:2,3
DA:7,3
LF:2
LH:2
BRDA:7,0,0,0
BRDA:7,0,1,0
BRDA:2,1,0,1
BRF:3
BRH:1
end_of_record
TN:
SF:src/components/CategoryItem.svelte
FNF:0
FNH:0
DA:2,1
DA:7,1
DA:8,1
DA:12,1
DA:16,1
LF:5
LH:5
BRDA:8,0,0,1
BRDA:8,0,1,1
BRDA:8,0,2,0
BRDA:12,1,0,1
BRDA:12,1,1,1
BRDA:12,1,2,0
BRDA:16,2,0,1
BRDA:16,2,1,1
BRDA:16,2,2,0
BRDA:8,3,0,0
BRDA:8,3,1,0
BRDA:12,4,0,0
BRDA:12,4,1,0
BRDA:16,5,0,0
BRDA:16,5,1,0
BRDA:7,6,0,0
BRDA:7,6,1,0
BRF:17
BRH:6
end_of_record
TN:
SF:src/components/Login.svelte
FNF:0
FNH:0
DA:2,1
DA:3,1
DA:4,1
DA:7,0
DA:13,0
DA:16,0
LF:6
LH:3
BRDA:13,0,0,0
BRDA:13,0,1,0
BRDA:7,1,0,0
BRDA:7,1,1,0
BRF:4
BRH:0
end_of_record
TN:
SF:src/components/Nav.svelte
FNF:0
FNH:0
DA:2,1
DA:3,1
DA:4,1
DA:5,1
DA:7,2
DA:14,2
DA:24,2
DA:29,2
DA:39,2
DA:47,2
DA:54,2
DA:60,2
DA:61,2
LF:13
LH:13
BRDA:61,0,0,0
BRDA:61,0,1,2
BRDA:61,1,0,0
BRDA:61,1,1,0
BRDA:61,1,2,0
BRDA:60,2,0,2
BRDA:60,2,1,0
BRDA:14,3,0,2
BRDA:14,3,1,0
BRDA:24,4,0,2
BRDA:24,4,1,0
BRDA:29,5,0,0
BRDA:29,5,1,2
BRDA:39,6,0,0
BRDA:39,6,1,2
BRDA:47,7,0,0
BRDA:47,7,1,2
BRDA:54,8,0,0
BRDA:54,8,1,2
BRDA:14,9,0,0
BRDA:14,9,1,0
BRDA:14,9,2,0
BRDA:24,10,0,0
BRDA:24,10,1,0
BRDA:24,10,2,0
BRDA:29,11,0,0
BRDA:29,11,1,0
BRDA:29,11,2,0
BRDA:39,12,0,0
BRDA:39,12,1,0
BRDA:39,12,2,0
BRDA:47,13,0,0
BRDA:47,13,1,0
BRDA:47,13,2,0
BRDA:54,14,0,0
BRDA:54,14,1,0
BRDA:54,14,2,0
BRF:37
BRH:8
end_of_record
TN:
SF:src/components/TextInput.svelte
FNF:0
FNH:0
DA:2,1
LF:1
LH:1
BRDA:2,0,0,1
BRF:1
BRH:1
end_of_record
TN:
SF:src/stores/user.js
FNF:0
FNH:0
DA:3,1
LF:1
LH:1
BRF:0
BRH:0
end_of_record
TN:
SF:src/utils/firebase.js
FN:3,(anonymous_0)
FN:9,(anonymous_1)
FN:15,(anonymous_2)
FN:21,(anonymous_3)
FN:27,(anonymous_4)
FN:31,(anonymous_5)
FN:36,(anonymous_6)
FN:42,(anonymous_7)
FN:46,(anonymous_8)
FNF:9
FNH:0
FNDA:0,(anonymous_0)
FNDA:0,(anonymous_1)
FNDA:0,(anonymous_2)
FNDA:0,(anonymous_3)
FNDA:0,(anonymous_4)
FNDA:0,(anonymous_5)
FNDA:0,(anonymous_6)
FNDA:0,(anonymous_7)
FNDA:0,(anonymous_8)
DA:3,1
DA:5,0
DA:6,0
DA:8,0
DA:10,0
DA:11,0
DA:15,1
DA:17,0
DA:18,0
DA:20,0
DA:22,0
DA:23,0
DA:27,1
DA:28,0
DA:33,0
DA:34,0
DA:38,0
DA:42,1
DA:43,0
DA:47,0
DA:52,0
DA:54,0
LF:22
LH:4
BRDA:52,0,0,0
BRDA:52,0,1,0
BRF:2
BRH:0
end_of_record
