TN:
SF:src/components/Button.svelte
FNF:0
FNH:0
DA:2,3
DA:7,3
LF:2
LH:2
BRDA:7,0,0,0
BRDA:7,0,1,0
BRDA:2,1,0,1
BRF:3
BRH:1
end_of_record
TN:
SF:src/components/CategoryItem.svelte
FNF:0
FNH:0
DA:2,1
DA:7,1
DA:8,1
DA:12,1
DA:16,1
LF:5
LH:5
BRDA:8,0,0,1
BRDA:8,0,1,1
BRDA:8,0,2,0
BRDA:12,1,0,1
BRDA:12,1,1,1
BRDA:12,1,2,0
BRDA:16,2,0,1
BRDA:16,2,1,1
BRDA:16,2,2,0
BRDA:8,3,0,0
BRDA:8,3,1,0
BRDA:12,4,0,0
BRDA:12,4,1,0
BRDA:16,5,0,0
BRDA:16,5,1,0
BRDA:7,6,0,0
BRDA:7,6,1,0
BRF:17
BRH:6
end_of_record
TN:
SF:src/components/ConsoleItem.svelte
FNF:0
FNH:0
DA:2,2
DA:3,2
DA:4,2
DA:5,2
DA:6,2
DA:7,2
DA:8,2
DA:9,2
DA:12,1
DA:15,0
DA:18,1
DA:21,0
DA:26,1
DA:29,0
DA:32,0
DA:35,1
DA:38,0
DA:41,0
DA:44,0
DA:51,2
DA:52,2
DA:54,2
DA:55,2
DA:56,2
DA:59,2
LF:25
LH:18
BRDA:52,0,0,1
BRDA:52,0,1,1
BRDA:54,1,0,0
BRDA:54,1,1,0
BRDA:55,2,0,0
BRDA:55,2,1,0
BRDA:56,3,0,0
BRDA:56,3,1,0
BRDA:52,4,0,0
BRDA:52,4,1,0
BRDA:59,5,0,0
BRDA:59,5,1,0
BRDA:51,6,0,0
BRDA:51,6,1,0
BRDA:3,7,0,1
BRDA:4,8,0,1
BRDA:5,9,0,1
BRDA:6,10,0,2
BRDA:7,11,0,1
BRDA:8,12,0,2
BRDA:9,13,0,1
BRF:21
BRH:9
end_of_record
TN:
SF:src/components/Footer.svelte
FNF:0
FNH:0
DA:2,2
DA:20,2
DA:25,2
DA:30,2
LF:4
LH:4
BRDA:20,0,0,0
BRDA:20,0,1,2
BRDA:25,1,0,0
BRDA:25,1,1,2
BRDA:30,2,0,0
BRDA:30,2,1,2
BRDA:20,3,0,0
BRDA:20,3,1,0
BRDA:25,4,0,0
BRDA:25,4,1,0
BRDA:30,5,0,0
BRDA:30,5,1,0
BRF:12
BRH:3
end_of_record
TN:
SF:src/components/Login.svelte
FNF:0
FNH:0
DA:2,1
DA:3,1
DA:4,1
DA:7,0
DA:13,0
DA:16,0
LF:6
LH:3
BRDA:13,0,0,0
BRDA:13,0,1,0
BRDA:7,1,0,0
BRDA:7,1,1,0
BRF:4
BRH:0
end_of_record
TN:
SF:src/components/Nav.svelte
FNF:0
FNH:0
DA:2,1
DA:3,1
DA:4,1
DA:5,1
DA:7,2
DA:19,2
DA:26,2
DA:31,2
DA:38,2
DA:45,2
DA:51,2
DA:56,2
DA:57,2
LF:13
LH:13
BRDA:57,0,0,0
BRDA:57,0,1,2
BRDA:57,1,0,0
BRDA:57,1,1,0
BRDA:57,1,2,0
BRDA:56,2,0,2
BRDA:56,2,1,0
BRDA:19,3,0,2
BRDA:19,3,1,0
BRDA:26,4,0,2
BRDA:26,4,1,0
BRDA:31,5,0,0
BRDA:31,5,1,2
BRDA:38,6,0,0
BRDA:38,6,1,2
BRDA:45,7,0,0
BRDA:45,7,1,2
BRDA:51,8,0,0
BRDA:51,8,1,2
BRDA:19,9,0,0
BRDA:19,9,1,0
BRDA:19,9,2,0
BRDA:26,10,0,0
BRDA:26,10,1,0
BRDA:26,10,2,0
BRDA:31,11,0,0
BRDA:31,11,1,0
BRDA:31,11,2,0
BRDA:38,12,0,0
BRDA:38,12,1,0
BRDA:38,12,2,0
BRDA:45,13,0,0
BRDA:45,13,1,0
BRDA:45,13,2,0
BRDA:51,14,0,0
BRDA:51,14,1,0
BRDA:51,14,2,0
BRF:37
BRH:8
end_of_record
TN:
SF:src/components/TextInput.svelte
FNF:0
FNH:0
DA:2,1
LF:1
LH:1
BRDA:2,0,0,1
BRF:1
BRH:1
end_of_record
TN:
SF:src/stores/user.js
FNF:0
FNH:0
DA:3,1
LF:1
LH:1
BRF:0
BRH:0
end_of_record
TN:
SF:src/utils/firebase.js
FN:4,(anonymous_0)
FN:10,(anonymous_1)
FN:16,(anonymous_2)
FN:22,(anonymous_3)
FN:35,(anonymous_4)
FN:39,(anonymous_5)
FN:44,(anonymous_6)
FN:50,(anonymous_7)
FN:54,(anonymous_8)
FNF:9
FNH:0
FNDA:0,(anonymous_0)
FNDA:0,(anonymous_1)
FNDA:0,(anonymous_2)
FNDA:0,(anonymous_3)
FNDA:0,(anonymous_4)
FNDA:0,(anonymous_5)
FNDA:0,(anonymous_6)
FNDA:0,(anonymous_7)
FNDA:0,(anonymous_8)
DA:4,1
DA:6,0
DA:7,0
DA:9,0
DA:11,0
DA:12,0
DA:16,1
DA:18,0
DA:19,0
DA:21,0
DA:23,0
DA:24,0
DA:27,0
DA:28,0
DA:30,0
DA:35,1
DA:36,0
DA:41,0
DA:42,0
DA:46,0
DA:50,1
DA:51,0
DA:55,0
DA:60,0
DA:62,0
LF:25
LH:4
BRDA:27,0,0,0
BRDA:27,0,1,0
BRDA:60,1,0,0
BRDA:60,1,1,0
BRF:4
BRH:0
end_of_record
